<?xml version="1.0" encoding="UTF-8"?>
<!-- Generated by org.testng.reporters.JUnitXMLReporter -->
<testsuite hostname="Ramington-PC" name="Default test" tests="3" failures="0" timestamp="3 Sep 2016 08:06:36 GMT" time="42.819" errors="0">
  <testcase name="testhomepage" time="11.419" classname="com.vmetry.ntl.testcases.HomePageTest"/>
  <testcase name="testhomepage" time="6.505" classname="com.vmetry.ntl.testcases.HomePageTest"/>
  <testcase name="testhomepage" time="6.988" classname="com.vmetry.ntl.testcases.HomePageTest"/>
</testsuite> <!-- Default test -->
