<?xml version="1.0" encoding="UTF-8"?>
<testng-results skipped="0" failed="0" total="3" passed="3">
  <reporter-output>
  </reporter-output>
  <suite name="Default suite" duration-ms="42819" started-at="2016-09-03T08:05:53Z" finished-at="2016-09-03T08:06:36Z">
    <groups>
    </groups>
    <test name="Default test" duration-ms="42819" started-at="2016-09-03T08:05:53Z" finished-at="2016-09-03T08:06:36Z">
      <class name="com.vmetry.ntl.testcases.HomePageTest">
        <test-method status="PASS" signature="beforeclass()[pri:0, instance:com.vmetry.ntl.testcases.HomePageTest@2ff4f00f]" name="beforeclass" is-config="true" duration-ms="11185" started-at="2016-09-03T13:35:53Z" finished-at="2016-09-03T13:36:04Z">
          <reporter-output>
          </reporter-output>
        </test-method> <!-- beforeclass -->
        <test-method status="PASS" signature="testhomepage(java.lang.String, java.lang.String, java.lang.String, java.lang.String, java.lang.String, java.lang.String)[pri:0, instance:com.vmetry.ntl.testcases.HomePageTest@2ff4f00f]" name="testhomepage" duration-ms="11419" started-at="2016-09-03T13:36:04Z" data-provider="HomePageTest" finished-at="2016-09-03T13:36:16Z">
          <params>
            <param index="0">
              <value>
                <![CDATA[HomePageTest_data1]]>
              </value>
            </param>
            <param index="1">
              <value>
                <![CDATA[ab]]>
              </value>
            </param>
            <param index="2">
              <value>
                <![CDATA[12345]]>
              </value>
            </param>
            <param index="3">
              <value>
                <![CDATA[ADYAR]]>
              </value>
            </param>
            <param index="4">
              <value>
                <![CDATA[ADYAR]]>
              </value>
            </param>
            <param index="5">
              <value>
                <![CDATA[Sedan]]>
              </value>
            </param>
          </params>
          <reporter-output>
          </reporter-output>
        </test-method> <!-- testhomepage -->
        <test-method status="PASS" signature="teardown(org.testng.ITestResult)[pri:0, instance:com.vmetry.ntl.testcases.HomePageTest@2ff4f00f]" name="teardown" is-config="true" duration-ms="2200" started-at="2016-09-03T13:36:16Z" finished-at="2016-09-03T13:36:18Z">
          <params>
            <param index="0">
              <value>
                <![CDATA[[TestResult name=testhomepage status=SUCCESS method=HomePageTest.testhomepage(java.lang.String, java.lang.String, java.lang.String, java.lang.String, java.lang.String, java.lang.String)[pri:0, instance:com.vmetry.ntl.testcases.HomePageTest@2ff4f00f] output={null}]]]>
              </value>
            </param>
          </params>
          <reporter-output>
          </reporter-output>
        </test-method> <!-- teardown -->
        <test-method status="PASS" signature="testhomepage(java.lang.String, java.lang.String, java.lang.String, java.lang.String, java.lang.String, java.lang.String)[pri:0, instance:com.vmetry.ntl.testcases.HomePageTest@2ff4f00f]" name="testhomepage" duration-ms="6505" started-at="2016-09-03T13:36:18Z" data-provider="HomePageTest" finished-at="2016-09-03T13:36:24Z">
          <params>
            <param index="0">
              <value>
                <![CDATA[HomePageTest_data2]]>
              </value>
            </param>
            <param index="1">
              <value>
                <![CDATA[abc]]>
              </value>
            </param>
            <param index="2">
              <value>
                <![CDATA[123456]]>
              </value>
            </param>
            <param index="3">
              <value>
                <![CDATA[ADYAR]]>
              </value>
            </param>
            <param index="4">
              <value>
                <![CDATA[ADYAR]]>
              </value>
            </param>
            <param index="5">
              <value>
                <![CDATA[Sedan]]>
              </value>
            </param>
          </params>
          <reporter-output>
          </reporter-output>
        </test-method> <!-- testhomepage -->
        <test-method status="PASS" signature="teardown(org.testng.ITestResult)[pri:0, instance:com.vmetry.ntl.testcases.HomePageTest@2ff4f00f]" name="teardown" is-config="true" duration-ms="2169" started-at="2016-09-03T13:36:24Z" finished-at="2016-09-03T13:36:26Z">
          <params>
            <param index="0">
              <value>
                <![CDATA[[TestResult name=testhomepage status=SUCCESS method=HomePageTest.testhomepage(java.lang.String, java.lang.String, java.lang.String, java.lang.String, java.lang.String, java.lang.String)[pri:0, instance:com.vmetry.ntl.testcases.HomePageTest@2ff4f00f] output={null}]]]>
              </value>
            </param>
          </params>
          <reporter-output>
          </reporter-output>
        </test-method> <!-- teardown -->
        <test-method status="PASS" signature="testhomepage(java.lang.String, java.lang.String, java.lang.String, java.lang.String, java.lang.String, java.lang.String)[pri:0, instance:com.vmetry.ntl.testcases.HomePageTest@2ff4f00f]" name="testhomepage" duration-ms="6988" started-at="2016-09-03T13:36:26Z" data-provider="HomePageTest" finished-at="2016-09-03T13:36:33Z">
          <params>
            <param index="0">
              <value>
                <![CDATA[HomePageTest_data3]]>
              </value>
            </param>
            <param index="1">
              <value>
                <![CDATA[abc]]>
              </value>
            </param>
            <param index="2">
              <value>
                <![CDATA[1234567]]>
              </value>
            </param>
            <param index="3">
              <value>
                <![CDATA[ADYAR]]>
              </value>
            </param>
            <param index="4">
              <value>
                <![CDATA[ADYAR]]>
              </value>
            </param>
            <param index="5">
              <value>
                <![CDATA[Sedan]]>
              </value>
            </param>
          </params>
          <reporter-output>
          </reporter-output>
        </test-method> <!-- testhomepage -->
        <test-method status="PASS" signature="teardown(org.testng.ITestResult)[pri:0, instance:com.vmetry.ntl.testcases.HomePageTest@2ff4f00f]" name="teardown" is-config="true" duration-ms="2325" started-at="2016-09-03T13:36:33Z" finished-at="2016-09-03T13:36:36Z">
          <params>
            <param index="0">
              <value>
                <![CDATA[[TestResult name=testhomepage status=SUCCESS method=HomePageTest.testhomepage(java.lang.String, java.lang.String, java.lang.String, java.lang.String, java.lang.String, java.lang.String)[pri:0, instance:com.vmetry.ntl.testcases.HomePageTest@2ff4f00f] output={null}]]]>
              </value>
            </param>
          </params>
          <reporter-output>
          </reporter-output>
        </test-method> <!-- teardown -->
      </class> <!-- com.vmetry.ntl.testcases.HomePageTest -->
    </test> <!-- Default test -->
  </suite> <!-- Default suite -->
</testng-results>
